2025-07-18 20:25:46,758 - fastapi - ERROR - Form data requires "python-multipart" to be installed. 
You can install "python-multipart" with: 

pip install python-multipart

2025-07-18 20:27:02,282 - __main__ - INFO - Начало обработки файла: 636. В ООО КХ г.Дятьково.docx
2025-07-18 20:27:02,285 - __main__ - INFO - Временный файл создан: C:\Users\CD92~1\AppData\Local\Temp\tmp2zc4zd_t.docx (размер: 25945 байт)
2025-07-18 20:27:02,285 - __main__ - INFO - Парсинг данных из файла...
2025-07-18 20:27:02,321 - __main__ - INFO - Найдено 2 записей
2025-07-18 20:27:02,322 - __main__ - CRITICAL - Критическая ошибка: name 'grouped' is not defined
Traceback (most recent call last):
  File "C:\Users\Рамиль\PycharmProjects\Заявка_протокол_посещаемость\app.py", line 146, in generate_protocols
    logger.info(f"Данные сгруппированы по программам: {list(grouped.keys())}")
                                                            ^^^^^^^
NameError: name 'grouped' is not defined

2025-07-18 20:27:02,324 - __main__ - INFO - Временный файл удален: C:\Users\CD92~1\AppData\Local\Temp\tmp2zc4zd_t.docx
2025-07-18 20:27:37,186 - __main__ - INFO - Начало обработки файла: 636. В ООО КХ г.Дятьково.docx
2025-07-18 20:27:37,189 - __main__ - INFO - Временный файл создан: C:\Users\CD92~1\AppData\Local\Temp\tmpzg9slgv1.docx (размер: 25945 байт)
2025-07-18 20:27:37,190 - __main__ - INFO - Парсинг данных из файла...
2025-07-18 20:27:37,225 - __main__ - INFO - Найдено 2 записей
2025-07-18 20:27:37,226 - __main__ - INFO - Данные сгруппированы по программам: ['']
2025-07-18 20:27:37,226 - __main__ - INFO - Номер заявки: Номер, Организация: Организация
2025-07-18 20:27:37,227 - __main__ - INFO - Выходная директория: C:\Users\CD92~1\AppData\Local\Temp\tmpd7v5ka3i
2025-07-18 20:27:37,227 - __main__ - INFO - Обработка программы  (2 человек)
2025-07-18 20:27:37,243 - __main__ - ERROR - Ошибка при обработке программы : invalid literal for int() with base 10: ''
Traceback (most recent call last):
  File "C:\Users\Рамиль\PycharmProjects\Заявка_протокол_посещаемость\app.py", line 158, in generate_protocols
    if int(program) > 5:
       ^^^^^^^^^^^^
ValueError: invalid literal for int() with base 10: ''

2025-07-18 20:27:37,244 - __main__ - ERROR - Не удалось сгенерировать ни одного файла
2025-07-18 20:27:37,244 - __main__ - CRITICAL - Критическая ошибка: 400: Не удалось сгенерировать файлы
Traceback (most recent call last):
  File "C:\Users\Рамиль\PycharmProjects\Заявка_протокол_посещаемость\app.py", line 204, in generate_protocols
    raise HTTPException(status_code=400, detail="Не удалось сгенерировать файлы")
fastapi.exceptions.HTTPException: 400: Не удалось сгенерировать файлы

2025-07-18 20:27:37,246 - __main__ - INFO - Временный файл удален: C:\Users\CD92~1\AppData\Local\Temp\tmpzg9slgv1.docx
2025-07-18 20:29:11,831 - __main__ - INFO - Начало обработки файла: 636. ООО КХ г. Дятьково.doc
2025-07-18 20:29:11,834 - __main__ - INFO - Временный файл создан: C:\Users\CD92~1\AppData\Local\Temp\tmp94emdzy4.docx (размер: 50688 байт)
2025-07-18 20:29:11,834 - __main__ - INFO - Парсинг данных из файла...
2025-07-18 20:29:11,882 - __main__ - CRITICAL - Критическая ошибка: file 'C:\Users\CD92~1\AppData\Local\Temp\tmp94emdzy4.docx' is not a Word file, content type is 'application/vnd.openxmlformats-officedocument.themeManager+xml'
Traceback (most recent call last):
  File "C:\Users\Рамиль\PycharmProjects\Заявка_протокол_посещаемость\app.py", line 143, in generate_protocols
    rows = parse_applications(tmp_path)
           ^^^^^^^^^^^^^^^^^^^^^^^^^^^^
  File "C:\Users\Рамиль\PycharmProjects\Заявка_протокол_посещаемость\app.py", line 69, in parse_applications
    doc = Document(path)
          ^^^^^^^^^^^^^^
  File "C:\Users\Рамиль\PycharmProjects\Заявка_протокол_посещаемость\venv\Lib\site-packages\docx\api.py", line 30, in Document
    raise ValueError(tmpl % (docx, document_part.content_type))
ValueError: file 'C:\Users\CD92~1\AppData\Local\Temp\tmp94emdzy4.docx' is not a Word file, content type is 'application/vnd.openxmlformats-officedocument.themeManager+xml'

2025-07-18 20:29:11,883 - __main__ - INFO - Временный файл удален: C:\Users\CD92~1\AppData\Local\Temp\tmp94emdzy4.docx
2025-07-18 20:31:42,156 - __main__ - INFO - Начало обработки файла: 636. ООО КХ г. Дятьково.doc
2025-07-18 20:31:42,158 - __main__ - INFO - Временный файл создан: 636. ООО КХ г. Дятьково.doc (размер: 50688 байт)
2025-07-18 20:31:42,159 - __main__ - INFO - Парсинг данных из файла...
2025-07-18 20:31:42,163 - __main__ - CRITICAL - Критическая ошибка: file '636. ООО КХ г. Дятьково.doc' is not a Word file, content type is 'application/vnd.openxmlformats-officedocument.themeManager+xml'
Traceback (most recent call last):
  File "C:\Users\Рамиль\PycharmProjects\Заявка_протокол_посещаемость\app.py", line 143, in generate_protocols
    rows = parse_applications(tmp_path)
           ^^^^^^^^^^^^^^^^^^^^^^^^^^^^
  File "C:\Users\Рамиль\PycharmProjects\Заявка_протокол_посещаемость\app.py", line 69, in parse_applications
    doc = Document(path)
          ^^^^^^^^^^^^^^
  File "C:\Users\Рамиль\PycharmProjects\Заявка_протокол_посещаемость\venv\Lib\site-packages\docx\api.py", line 30, in Document
    raise ValueError(tmpl % (docx, document_part.content_type))
ValueError: file '636. ООО КХ г. Дятьково.doc' is not a Word file, content type is 'application/vnd.openxmlformats-officedocument.themeManager+xml'

2025-07-18 20:31:42,178 - __main__ - ERROR - Ошибка при удалении временного файла: [WinError 32] Процесс не может получить доступ к файлу, так как этот файл занят другим процессом: '636. ООО КХ г. Дятьково.doc'
2025-07-18 20:33:07,252 - __main__ - INFO - Начало обработки файла: 636. ООО КХ г. Дятьково.docx
2025-07-18 20:33:07,253 - __main__ - INFO - Временный файл создан: 636. ООО КХ г. Дятьково.docx (размер: 21739 байт)
2025-07-18 20:33:07,255 - __main__ - INFO - Парсинг данных из файла...
2025-07-18 20:33:07,265 - __main__ - INFO - Найдено 4 записей
2025-07-18 20:33:07,265 - __main__ - INFO - Данные сгруппированы по программам: ['1', '2', '3', '4', '8', '22', '9', '29', '16', '17', '18', '19', '23', '24']
2025-07-18 20:33:07,265 - __main__ - INFO - Номер заявки: 636, Организация: ООО КХ г. Дятьково
2025-07-18 20:33:07,266 - __main__ - INFO - Выходная директория: C:\Users\CD92~1\AppData\Local\Temp\tmp187ifb5u
2025-07-18 20:33:07,266 - __main__ - INFO - Обработка программы 1 (2 человек)
2025-07-18 20:33:07,434 - __main__ - INFO - Обработка программы 2 (2 человек)
2025-07-18 20:33:07,472 - __main__ - INFO - Обработка программы 3 (2 человек)
2025-07-18 20:33:07,502 - __main__ - INFO - Обработка программы 4 (2 человек)
2025-07-18 20:33:07,534 - __main__ - INFO - Обработка программы 8 (1 человек)
2025-07-18 20:33:07,585 - __main__ - INFO - Обработка программы 22 (1 человек)
2025-07-18 20:33:07,632 - __main__ - INFO - Обработка программы 9 (1 человек)
2025-07-18 20:33:07,677 - __main__ - INFO - Обработка программы 29 (1 человек)
2025-07-18 20:33:07,719 - __main__ - INFO - Обработка программы 16 (1 человек)
2025-07-18 20:33:07,770 - __main__ - INFO - Обработка программы 17 (1 человек)
2025-07-18 20:33:07,813 - __main__ - INFO - Обработка программы 18 (1 человек)
2025-07-18 20:33:07,855 - __main__ - INFO - Обработка программы 19 (1 человек)
2025-07-18 20:33:07,910 - __main__ - INFO - Обработка программы 23 (1 человек)
2025-07-18 20:33:07,963 - __main__ - INFO - Обработка программы 24 (1 человек)
2025-07-18 20:33:08,007 - __main__ - ERROR - Не удалось сгенерировать ни одного файла
2025-07-18 20:33:08,007 - __main__ - CRITICAL - Критическая ошибка: 400: Не удалось сгенерировать файлы
Traceback (most recent call last):
  File "C:\Users\Рамиль\PycharmProjects\Заявка_протокол_посещаемость\app.py", line 204, in generate_protocols
    raise HTTPException(status_code=400, detail="Не удалось сгенерировать файлы")
fastapi.exceptions.HTTPException: 400: Не удалось сгенерировать файлы

2025-07-18 20:33:08,008 - __main__ - ERROR - Ошибка при удалении временного файла: [WinError 32] Процесс не может получить доступ к файлу, так как этот файл занят другим процессом: '636. ООО КХ г. Дятьково.docx'
2025-07-18 20:34:43,456 - __main__ - INFO - Начало обработки файла: 636. ООО КХ г. Дятьково.docx
2025-07-18 20:34:43,458 - __main__ - INFO - Временный файл создан: 636. ООО КХ г. Дятьково.docx (размер: 21739 байт)
2025-07-18 20:34:43,458 - __main__ - INFO - Парсинг данных из файла...
2025-07-18 20:34:43,471 - __main__ - INFO - Найдено 4 записей
2025-07-18 20:34:43,472 - __main__ - INFO - Данные сгруппированы по программам: ['1', '2', '3', '4', '8', '22', '9', '29', '16', '17', '18', '19', '23', '24']
2025-07-18 20:34:43,472 - __main__ - INFO - Номер заявки: 636, Организация: ООО КХ г. Дятьково
2025-07-18 20:34:43,472 - __main__ - INFO - Выходная директория: C:\Users\CD92~1\AppData\Local\Temp\tmpy3p4duql
2025-07-18 20:34:43,473 - __main__ - INFO - Обработка программы 1 (2 человек)
2025-07-18 20:34:43,533 - __main__ - INFO - Обработка программы 2 (2 человек)
2025-07-18 20:34:43,569 - __main__ - INFO - Обработка программы 3 (2 человек)
2025-07-18 20:34:43,597 - __main__ - INFO - Обработка программы 4 (2 человек)
2025-07-18 20:34:43,632 - __main__ - INFO - Обработка программы 8 (1 человек)
2025-07-18 20:34:43,697 - __main__ - INFO - Обработка программы 22 (1 человек)
2025-07-18 20:34:43,786 - __main__ - INFO - Обработка программы 9 (1 человек)
2025-07-18 20:34:43,853 - __main__ - INFO - Обработка программы 29 (1 человек)
2025-07-18 20:34:43,916 - __main__ - INFO - Обработка программы 16 (1 человек)
2025-07-18 20:34:43,972 - __main__ - INFO - Обработка программы 17 (1 человек)
2025-07-18 20:34:44,031 - __main__ - INFO - Обработка программы 18 (1 человек)
2025-07-18 20:34:44,084 - __main__ - INFO - Обработка программы 19 (1 человек)
2025-07-18 20:34:44,134 - __main__ - INFO - Обработка программы 23 (1 человек)
2025-07-18 20:34:44,205 - __main__ - INFO - Обработка программы 24 (1 человек)
2025-07-18 20:34:44,263 - __main__ - ERROR - Ошибка при удалении временного файла: [WinError 32] Процесс не может получить доступ к файлу, так как этот файл занят другим процессом: '636. ООО КХ г. Дятьково.docx'
2025-07-18 20:37:17,172 - __main__ - INFO - Начало обработки файла: 636. ООО КХ г. Дятьково.docx
2025-07-18 20:37:17,175 - __main__ - INFO - Временный файл создан: 636. ООО КХ г. Дятьково.docx (размер: 21739 байт)
2025-07-18 20:37:17,175 - __main__ - INFO - Парсинг данных из файла...
2025-07-18 20:37:17,187 - __main__ - INFO - Найдено 4 записей
2025-07-18 20:37:17,187 - __main__ - INFO - Данные сгруппированы по программам: ['1', '2', '3', '4', '8', '22', '9', '29', '16', '17', '18', '19', '23', '24']
2025-07-18 20:37:17,189 - __main__ - INFO - Номер заявки: 636, Организация: ООО КХ г. Дятьково
2025-07-18 20:37:17,189 - __main__ - INFO - Выходная директория: C:\Users\CD92~1\AppData\Local\Temp\tmpfuew9uut
2025-07-18 20:37:17,190 - __main__ - INFO - Обработка программы 1 (2 человек)
2025-07-18 20:37:17,244 - __main__ - INFO - Обработка программы 2 (2 человек)
2025-07-18 20:37:17,276 - __main__ - INFO - Обработка программы 3 (2 человек)
2025-07-18 20:37:17,307 - __main__ - INFO - Обработка программы 4 (2 человек)
2025-07-18 20:37:17,341 - __main__ - INFO - Обработка программы 8 (1 человек)
2025-07-18 20:37:17,400 - __main__ - INFO - Обработка программы 22 (1 человек)
2025-07-18 20:37:17,464 - __main__ - INFO - Обработка программы 9 (1 человек)
2025-07-18 20:37:17,538 - __main__ - INFO - Обработка программы 29 (1 человек)
2025-07-18 20:37:17,625 - __main__ - INFO - Обработка программы 16 (1 человек)
2025-07-18 20:37:17,686 - __main__ - INFO - Обработка программы 17 (1 человек)
2025-07-18 20:37:17,733 - __main__ - INFO - Обработка программы 18 (1 человек)
2025-07-18 20:37:17,774 - __main__ - INFO - Обработка программы 19 (1 человек)
2025-07-18 20:37:17,816 - __main__ - INFO - Обработка программы 23 (1 человек)
2025-07-18 20:37:17,875 - __main__ - INFO - Обработка программы 24 (1 человек)
2025-07-18 20:37:18,111 - __main__ - ERROR - Ошибка при удалении временного файла: [WinError 32] Процесс не может получить доступ к файлу, так как этот файл занят другим процессом: '636. ООО КХ г. Дятьково.docx'
2025-07-18 20:46:35,493 - __main__ - INFO - Начало обработки файла: 636. ООО КХ г. Дятьково.docx
2025-07-18 20:46:35,496 - __main__ - INFO - Временный файл создан: 636. ООО КХ г. Дятьково.docx (размер: 21739 байт)
2025-07-18 20:46:35,496 - __main__ - INFO - Парсинг данных из файла...
2025-07-18 20:46:35,512 - __main__ - INFO - Найдено 4 записей
2025-07-18 20:46:35,513 - __main__ - INFO - Данные сгруппированы по программам: ['1', '2', '3', '4', '8', '22', '9', '29', '16', '17', '18', '19', '23', '24']
2025-07-18 20:46:35,514 - __main__ - INFO - Номер заявки: 636, Организация: ООО КХ г. Дятьково
2025-07-18 20:46:35,514 - __main__ - INFO - Выходная директория: C:\Users\CD92~1\AppData\Local\Temp\tmp5dg2gg9g
2025-07-18 20:46:35,515 - __main__ - INFO - Обработка программы 1 (2 человек)
2025-07-18 20:46:35,578 - __main__ - INFO - Обработка программы 2 (2 человек)
2025-07-18 20:46:35,614 - __main__ - INFO - Обработка программы 3 (2 человек)
2025-07-18 20:46:35,654 - __main__ - INFO - Обработка программы 4 (2 человек)
2025-07-18 20:46:35,699 - __main__ - INFO - Обработка программы 8 (1 человек)
2025-07-18 20:46:35,773 - __main__ - INFO - Обработка программы 22 (1 человек)
2025-07-18 20:46:35,843 - __main__ - INFO - Обработка программы 9 (1 человек)
2025-07-18 20:46:35,912 - __main__ - INFO - Обработка программы 29 (1 человек)
2025-07-18 20:46:35,995 - __main__ - INFO - Обработка программы 16 (1 человек)
2025-07-18 20:46:36,056 - __main__ - INFO - Обработка программы 17 (1 человек)
2025-07-18 20:46:36,117 - __main__ - INFO - Обработка программы 18 (1 человек)
2025-07-18 20:46:36,200 - __main__ - INFO - Обработка программы 19 (1 человек)
2025-07-18 20:46:36,268 - __main__ - INFO - Обработка программы 23 (1 человек)
2025-07-18 20:46:36,330 - __main__ - INFO - Обработка программы 24 (1 человек)
2025-07-18 20:46:36,706 - __main__ - ERROR - Ошибка при удалении временного файла: [WinError 32] Процесс не может получить доступ к файлу, так как этот файл занят другим процессом: '636. ООО КХ г. Дятьково.docx'
2025-07-21 20:47:20,016 - __main__ - INFO - Начало обработки файла: 636. ООО КХ г. Дятьково_3.docx
2025-07-21 20:47:20,019 - __main__ - INFO - Парсинг данных из файла...
2025-07-21 20:47:20,053 - __main__ - INFO - Найдено 7 записей
2025-07-21 20:47:20,053 - __main__ - INFO - Данные сгруппированы по программам: ['1', '2', '3', '4', '9', '16', '27', '28', '29']
2025-07-21 20:47:20,054 - __main__ - INFO - Номер заявки: 636, Организация: ООО КХ г. Дятьково_3
2025-07-21 20:47:20,055 - __main__ - INFO - Выходная директория: C:\Users\CD92~1\AppData\Local\Temp\tmp0obtgwsb
2025-07-21 20:47:20,057 - __main__ - INFO - Обработка программы 1 (7 человек)
2025-07-21 20:47:20,493 - __main__ - INFO - Обработка программы 2 (7 человек)
2025-07-21 20:47:20,594 - __main__ - INFO - Обработка программы 3 (7 человек)
2025-07-21 20:47:20,712 - __main__ - INFO - Обработка программы 4 (7 человек)
2025-07-21 20:47:20,843 - __main__ - INFO - Обработка программы 9 (7 человек)
2025-07-21 20:47:21,003 - __main__ - INFO - Обработка программы 16 (7 человек)
2025-07-21 20:47:21,133 - __main__ - INFO - Обработка программы 27 (5 человек)
2025-07-21 20:47:21,260 - __main__ - INFO - Обработка программы 28 (5 человек)
2025-07-21 20:47:21,369 - __main__ - INFO - Обработка программы 29 (5 человек)
2025-07-21 20:47:21,776 - __main__ - INFO - Файл 636. ООО КХ г. Дятьково_3.docx успешно удалён.
2025-07-21 20:50:56,817 - __main__ - INFO - Начало обработки файла: 636. ООО КХ г. Дятьково_3.docx
2025-07-21 20:50:56,819 - __main__ - INFO - Парсинг данных из файла...
2025-07-21 20:50:56,850 - __main__ - INFO - Найдено 7 записей
2025-07-21 20:50:56,850 - __main__ - INFO - Данные сгруппированы по программам: ['1', '2', '3', '4', '9', '16', '27', '28', '29']
2025-07-21 20:50:56,850 - __main__ - INFO - Номер заявки: 636, Организация: ООО КХ г. Дятьково_3
2025-07-21 20:50:56,852 - __main__ - INFO - Выходная директория: C:\Users\CD92~1\AppData\Local\Temp\tmpmbi5b03u
2025-07-21 20:50:56,852 - __main__ - INFO - Обработка программы 1 (7 человек)
2025-07-21 20:50:56,974 - __main__ - INFO - Обработка программы 2 (7 человек)
2025-07-21 20:50:57,118 - __main__ - INFO - Обработка программы 3 (7 человек)
2025-07-21 20:50:57,235 - __main__ - INFO - Обработка программы 4 (7 человек)
2025-07-21 20:50:57,356 - __main__ - INFO - Обработка программы 9 (7 человек)
2025-07-21 20:50:57,488 - __main__ - INFO - Обработка программы 16 (7 человек)
2025-07-21 20:50:57,665 - __main__ - INFO - Обработка программы 27 (5 человек)
2025-07-21 20:50:57,780 - __main__ - INFO - Обработка программы 28 (5 человек)
2025-07-21 20:50:57,919 - __main__ - INFO - Обработка программы 29 (5 человек)
2025-07-21 20:50:58,360 - __main__ - INFO - Файл 636. ООО КХ г. Дятьково_3.docx успешно удалён.
2025-07-21 20:53:16,265 - __main__ - INFO - Начало обработки файла: 636. ООО КХ г. Дятьково_3.docx
2025-07-21 20:53:16,266 - __main__ - INFO - Парсинг данных из файла...
2025-07-21 20:53:16,298 - __main__ - INFO - Найдено 7 записей
2025-07-21 20:53:16,298 - __main__ - INFO - Данные сгруппированы по программам: ['1', '2', '3', '4', '9', '16', '27', '28', '29']
2025-07-21 20:53:16,299 - __main__ - INFO - Номер заявки: 636, Организация: ООО КХ г. Дятьково_3
2025-07-21 20:53:16,300 - __main__ - INFO - Выходная директория: C:\Users\CD92~1\AppData\Local\Temp\tmp0r1pispq
2025-07-21 20:53:16,300 - __main__ - INFO - Обработка программы 1 (7 человек)
2025-07-21 20:53:16,410 - __main__ - INFO - Обработка программы 2 (7 человек)
2025-07-21 20:53:16,500 - __main__ - INFO - Обработка программы 3 (7 человек)
2025-07-21 20:53:16,635 - __main__ - INFO - Обработка программы 4 (7 человек)
2025-07-21 20:53:16,767 - __main__ - INFO - Обработка программы 9 (7 человек)
2025-07-21 20:53:16,950 - __main__ - INFO - Обработка программы 16 (7 человек)
2025-07-21 20:53:17,102 - __main__ - INFO - Обработка программы 27 (5 человек)
2025-07-21 20:53:17,369 - __main__ - INFO - Обработка программы 28 (5 человек)
2025-07-21 20:53:17,540 - __main__ - INFO - Обработка программы 29 (5 человек)
2025-07-21 20:53:18,199 - __main__ - INFO - Файл 636. ООО КХ г. Дятьково_3.docx успешно удалён.
2025-07-21 20:56:52,894 - __main__ - INFO - Начало обработки файла: 636. ООО КХ г. Дятьково_3.docx
2025-07-21 20:56:52,895 - __main__ - INFO - Парсинг данных из файла...
2025-07-21 20:56:52,919 - __main__ - INFO - Найдено 7 записей
2025-07-21 20:56:52,919 - __main__ - INFO - Данные сгруппированы по программам: ['1', '2', '3', '4', '9', '16', '27', '28', '29']
2025-07-21 20:56:52,920 - __main__ - INFO - Номер заявки: 636, Организация: ООО КХ г. Дятьково_3
2025-07-21 20:56:52,922 - __main__ - INFO - Выходная директория: C:\Users\CD92~1\AppData\Local\Temp\tmp7r30nay_
2025-07-21 20:56:52,922 - __main__ - INFO - Обработка программы 1 (7 человек)
2025-07-21 20:56:53,004 - __main__ - INFO - Обработка программы 2 (7 человек)
2025-07-21 20:56:53,074 - __main__ - INFO - Обработка программы 3 (7 человек)
2025-07-21 20:56:53,183 - __main__ - INFO - Обработка программы 4 (7 человек)
2025-07-21 20:56:53,286 - __main__ - INFO - Обработка программы 9 (7 человек)
2025-07-21 20:56:53,456 - __main__ - INFO - Обработка программы 16 (7 человек)
2025-07-21 20:56:53,575 - __main__ - INFO - Обработка программы 27 (5 человек)
2025-07-21 20:56:53,689 - __main__ - INFO - Обработка программы 28 (5 человек)
2025-07-21 20:56:53,816 - __main__ - INFO - Обработка программы 29 (5 человек)
2025-07-21 20:56:54,232 - __main__ - INFO - Файл 636. ООО КХ г. Дятьково_3.docx успешно удалён.
2025-07-21 20:57:41,115 - __main__ - INFO - Начало обработки файла: 636. ООО КХ г. Дятьково_3.docx
2025-07-21 20:57:41,116 - __main__ - INFO - Парсинг данных из файла...
2025-07-21 20:57:41,143 - __main__ - INFO - Найдено 7 записей
2025-07-21 20:57:41,143 - __main__ - INFO - Данные сгруппированы по программам: ['1', '2', '3', '4', '9', '16', '27', '28', '29']
2025-07-21 20:57:41,144 - __main__ - INFO - Номер заявки: 636, Организация: ООО КХ г. Дятьково_3
2025-07-21 20:57:41,146 - __main__ - INFO - Выходная директория: C:\Users\CD92~1\AppData\Local\Temp\tmp4etlhme6
2025-07-21 20:57:41,146 - __main__ - INFO - Обработка программы 1 (7 человек)
2025-07-21 20:57:41,248 - __main__ - INFO - Обработка программы 2 (7 человек)
2025-07-21 20:57:41,315 - __main__ - INFO - Обработка программы 3 (7 человек)
2025-07-21 20:57:41,459 - __main__ - INFO - Обработка программы 4 (7 человек)
2025-07-21 20:57:41,588 - __main__ - INFO - Обработка программы 9 (7 человек)
2025-07-21 20:57:41,759 - __main__ - INFO - Обработка программы 16 (7 человек)
2025-07-21 20:57:41,880 - __main__ - INFO - Обработка программы 27 (5 человек)
2025-07-21 20:57:42,021 - __main__ - INFO - Обработка программы 28 (5 человек)
2025-07-21 20:57:42,150 - __main__ - INFO - Обработка программы 29 (5 человек)
2025-07-21 20:57:42,541 - __main__ - INFO - Файл 636. ООО КХ г. Дятьково_3.docx успешно удалён.
2025-07-21 21:05:07,650 - __main__ - INFO - Начало обработки файла: 636. ООО КХ г. Дятьково_3.docx
2025-07-21 21:05:07,651 - __main__ - INFO - Парсинг данных из файла...
2025-07-21 21:05:07,679 - __main__ - INFO - Найдено 7 записей
2025-07-21 21:05:07,679 - __main__ - INFO - Данные сгруппированы по программам: ['1', '2', '3', '4', '9', '16', '27', '28', '29']
2025-07-21 21:05:07,680 - __main__ - INFO - Номер заявки: 636, Организация: ООО КХ г. Дятьково_3
2025-07-21 21:05:07,681 - __main__ - INFO - Выходная директория: C:\Users\CD92~1\AppData\Local\Temp\tmpd83uopjh
2025-07-21 21:05:07,682 - __main__ - INFO - Обработка программы 1 (7 человек)
2025-07-21 21:05:07,775 - __main__ - INFO - Обработка программы 2 (7 человек)
2025-07-21 21:05:07,861 - __main__ - INFO - Обработка программы 3 (7 человек)
2025-07-21 21:05:08,013 - __main__ - INFO - Обработка программы 4 (7 человек)
2025-07-21 21:05:08,144 - __main__ - INFO - Обработка программы 9 (7 человек)
2025-07-21 21:05:08,270 - __main__ - INFO - Обработка программы 16 (7 человек)
2025-07-21 21:05:08,425 - __main__ - INFO - Обработка программы 27 (5 человек)
2025-07-21 21:05:08,529 - __main__ - INFO - Обработка программы 28 (5 человек)
2025-07-21 21:05:08,645 - __main__ - INFO - Обработка программы 29 (5 человек)
2025-07-21 21:05:09,025 - __main__ - INFO - Файл 636. ООО КХ г. Дятьково_3.docx успешно удалён.
2025-07-21 21:08:32,697 - __main__ - INFO - Начало обработки файла: 636. ООО КХ г. Дятьково_3.docx
2025-07-21 21:08:32,699 - __main__ - INFO - Парсинг данных из файла...
2025-07-21 21:08:32,734 - __main__ - INFO - Найдено 7 записей
2025-07-21 21:08:32,734 - __main__ - INFO - Данные сгруппированы по программам: ['1', '2', '3', '4', '9', '16', '27', '28', '29']
2025-07-21 21:08:32,734 - __main__ - INFO - Номер заявки: 636, Организация: ООО КХ г. Дятьково_3
2025-07-21 21:08:32,736 - __main__ - INFO - Выходная директория: C:\Users\CD92~1\AppData\Local\Temp\tmpsja5emsb
2025-07-21 21:08:32,736 - __main__ - INFO - Обработка программы 1 (7 человек)
2025-07-21 21:08:32,842 - __main__ - INFO - Обработка программы 2 (7 человек)
2025-07-21 21:08:32,979 - __main__ - INFO - Обработка программы 3 (7 человек)
2025-07-21 21:08:33,091 - __main__ - INFO - Обработка программы 4 (7 человек)
2025-07-21 21:08:33,204 - __main__ - INFO - Обработка программы 9 (7 человек)
2025-07-21 21:08:33,337 - __main__ - INFO - Обработка программы 16 (7 человек)
2025-07-21 21:08:33,474 - __main__ - INFO - Обработка программы 27 (5 человек)
2025-07-21 21:08:33,587 - __main__ - INFO - Обработка программы 28 (5 человек)
2025-07-21 21:08:33,709 - __main__ - INFO - Обработка программы 29 (5 человек)
2025-07-21 21:08:34,151 - __main__ - INFO - Файл 636. ООО КХ г. Дятьково_3.docx успешно удалён.
2025-07-21 21:09:06,285 - __main__ - INFO - Начало обработки файла: 636. ООО КХ г. Дятьково_3.docx
2025-07-21 21:09:06,290 - __main__ - INFO - Парсинг данных из файла...
2025-07-21 21:09:06,333 - __main__ - INFO - Найдено 7 записей
2025-07-21 21:09:06,333 - __main__ - INFO - Данные сгруппированы по программам: ['1', '2', '3', '4', '9', '16', '27', '28', '29']
2025-07-21 21:09:06,334 - __main__ - INFO - Номер заявки: 636, Организация: ООО КХ г. Дятьково_3
2025-07-21 21:09:06,336 - __main__ - INFO - Выходная директория: C:\Users\CD92~1\AppData\Local\Temp\tmpzts9lw_q
2025-07-21 21:09:06,338 - __main__ - INFO - Обработка программы 1 (7 человек)
2025-07-21 21:09:06,450 - __main__ - INFO - Обработка программы 2 (7 человек)
2025-07-21 21:09:06,602 - __main__ - INFO - Обработка программы 3 (7 человек)
2025-07-21 21:09:06,748 - __main__ - INFO - Обработка программы 4 (7 человек)
2025-07-21 21:09:06,889 - __main__ - INFO - Обработка программы 9 (7 человек)
2025-07-21 21:09:07,041 - __main__ - INFO - Обработка программы 16 (7 человек)
2025-07-21 21:09:07,152 - __main__ - INFO - Обработка программы 27 (5 человек)
2025-07-21 21:09:07,245 - __main__ - INFO - Обработка программы 28 (5 человек)
2025-07-21 21:09:07,374 - __main__ - INFO - Обработка программы 29 (5 человек)
2025-07-21 21:09:07,772 - __main__ - INFO - Файл 636. ООО КХ г. Дятьково_3.docx успешно удалён.
